<?xml version="1.0" encoding="UTF-8"?>
<!-- Generated by org.testng.reporters.JUnitReportReporter -->
<testsuite hostname="DESKTOP-AQ8GQJP" name="com.ebanking.testcases.TC_loginDDT_003" tests="4" failures="0" timestamp="13 Aug 2020 18:38:27 GMT" time="44.647" errors="0">
  <testcase name="loginDDT" time="11.495" classname="com.ebanking.testcases.TC_loginDDT_003"/>
  <testcase name="loginDDT" time="7.807" classname="com.ebanking.testcases.TC_loginDDT_003"/>
  <testcase name="loginDDT" time="10.418" classname="com.ebanking.testcases.TC_loginDDT_003"/>
  <testcase name="loginDDT" time="14.927" classname="com.ebanking.testcases.TC_loginDDT_003"/>
</testsuite> <!-- com.ebanking.testcases.TC_loginDDT_003 -->
