<?xml version="1.0" encoding="UTF-8"?>
<!-- Generated by org.testng.reporters.JUnitReportReporter -->
<testsuite hostname="DESKTOP-AQ8GQJP" name="com.ebanking.testcases.TC_Ebanking_001" tests="1" failures="0" timestamp="17 Aug 2020 18:49:21 GMT" time="17.131" errors="0">
  <testcase name="loginTest" time="17.131" classname="com.ebanking.testcases.TC_Ebanking_001"/>
</testsuite> <!-- com.ebanking.testcases.TC_Ebanking_001 -->
