<?xml version="1.0" encoding="UTF-8"?>
<!-- Generated by org.testng.reporters.JUnitReportReporter -->
<testsuite hostname="DESKTOP-AQ8GQJP" name="com.ebanking.testcases.TC_EditCoustumer_004" tests="1" failures="0" timestamp="17 Aug 2020 20:17:13 GMT" time="32.409" errors="0">
  <testcase name="editCoustumer" time="32.409" classname="com.ebanking.testcases.TC_EditCoustumer_004"/>
</testsuite> <!-- com.ebanking.testcases.TC_EditCoustumer_004 -->
