<?xml version="1.0" encoding="UTF-8"?>
<!-- Generated by org.testng.reporters.JUnitReportReporter -->
<testsuite skipped="0" hostname="DESKTOP-AQ8GQJP" name="com.ebanking.testcases.TC_EditCoustumer_004" tests="1" failures="0" timestamp="16 Aug 2020 08:21:49 GMT" time="17.872" errors="0">
  <testcase name="editCoustumer" time="17.872" classname="com.ebanking.testcases.TC_EditCoustumer_004"/>
</testsuite> <!-- com.ebanking.testcases.TC_EditCoustumer_004 -->
